This is METAFONT, Version 2.7182818 (TeX Live 2016/Debian) (preloaded base=mf 2020.4.18)  13 MAY 2020 20:48
**\mode:=ljfour; mag:=1; nonstopmode; input q
(/usr/share/texlive/texmf-dist/fonts/source/public/levy/q.mf
>> readfrom
! Isolated expression.
<to be read again> 
                   (
l.26 if unknown gen_sigma : readfrom(
                                     "gen_sigma") fi
I couldn't find an `=' or `:=' after the
expression that is shown above this error message,
so I guess I'll just ignore it and carry on.

! Extra tokens will be flushed.
<to be read again> 
                   (
l.26 if unknown gen_sigma : readfrom(
                                     "gen_sigma") fi
I've just read as much of that statement as I could fathom,
so a semicolon should have been next. It's very puzzling...
but I'll try to get myself back together, by ignoring
everything up to the next `;'. Please insert a semicolon
now in front of anything that you don't want me to delete.
(See Chapter 27 of The METAFONTbook for an example.)

>> cmchar
! Isolated expression.
<to be read again> 
                   "Lowercase chi"
l.47 cmchar "Lowercase chi"
                           ;
I couldn't find an `=' or `:=' after the
expression that is shown above this error message,
so I guess I'll just ignore it and carry on.

! Extra tokens will be flushed.
<to be read again> 
                   "Lowercase chi"
l.47 cmchar "Lowercase chi"
                           ;
I've just read as much of that statement as I could fathom,
so a semicolon should have been next. It's very puzzling...
but I'll try to get myself back together, by ignoring
everything up to the next `;'. Please insert a semicolon
now in front of anything that you don't want me to delete.
(See Chapter 27 of The METAFONTbook for an example.)

>> 10u#
! Internal quantity `charwd' must receive a known value.
<to be read again> 
                   ;
beginchar->...byte(EXPR0)else:0fi;charwd:=(EXPR1);
                                                  charht:=(EXPR2);chardp:=(E...
l.48 beginchar("q",dims)
                        ;
I can't set an internal quantity to anything but a known
numeric value, so I'll have to ignore this assignment.

>> x_height#
! Internal quantity `charht' must receive a known value.
<to be read again> 
                   ;
beginchar->...0fi;charwd:=(EXPR1);charht:=(EXPR2);
                                                  chardp:=(EXPR3);w:=hround(...
l.48 beginchar("q",dims)
                        ;
I can't set an internal quantity to anything but a known
numeric value, so I'll have to ignore this assignment.

>> desc_depth#
! Internal quantity `chardp' must receive a known value.
<to be read again> 
                   ;
beginchar->...R1);charht:=(EXPR2);chardp:=(EXPR3);
                                                  w:=hround(charwd*hppp);h:=...
l.48 beginchar("q",dims)
                        ;
I can't set an internal quantity to anything but a known
numeric value, so I'll have to ignore this assignment.

>> this_letter
! Isolated expression.
<to be read again> 
                   ;
l.49 this_letter;
                  penlabels(1,2,3,7,8); endchar;
I couldn't find an `=' or `:=' after the
expression that is shown above this error message,
so I guess I'll just ignore it and carry on.

[113]
>> cmchar
! Isolated expression.
<to be read again> 
                   "Lowercase sigma followed by chi"
l.53 cmchar "Lowercase sigma followed by chi"
                                             ;
I couldn't find an `=' or `:=' after the
expression that is shown above this error message,
so I guess I'll just ignore it and carry on.

! Extra tokens will be flushed.
<to be read again> 
                   "Lowercase sigma followed by chi"
l.53 cmchar "Lowercase sigma followed by chi"
                                             ;
I've just read as much of that statement as I could fathom,
so a semicolon should have been next. It's very puzzling...
but I'll try to get myself back together, by ignoring
everything up to the next `;'. Please insert a semicolon
now in front of anything that you don't want me to delete.
(See Chapter 27 of The METAFONTbook for an example.)

>> begindoublechar
! Isolated expression.
<to be read again> 
                   (
l.54 begindoublechar(
                     oct"021",dim_sigma);
I couldn't find an `=' or `:=' after the
expression that is shown above this error message,
so I guess I'll just ignore it and carry on.

! Extra tokens will be flushed.
<to be read again> 
                   (
l.54 begindoublechar(
                     oct"021",dim_sigma);
I've just read as much of that statement as I could fathom,
so a semicolon should have been next. It's very puzzling...
but I'll try to get myself back together, by ignoring
everything up to the next `;'. Please insert a semicolon
now in front of anything that you don't want me to delete.
(See Chapter 27 of The METAFONTbook for an example.)

>> mid_sigma
! Isolated expression.
<to be read again> 
                   ;
l.55 mid_sigma;
                middoublechar(dims); this_letter; endchar;
I couldn't find an `=' or `:=' after the
expression that is shown above this error message,
so I guess I'll just ignore it and carry on.

>> middoublechar
! Isolated expression.
<to be read again> 
                   (
l.55 mid_sigma; middoublechar(
                              dims); this_letter; endchar;
I couldn't find an `=' or `:=' after the
expression that is shown above this error message,
so I guess I'll just ignore it and carry on.

! Extra tokens will be flushed.
<to be read again> 
                   (
l.55 mid_sigma; middoublechar(
                              dims); this_letter; endchar;
I've just read as much of that statement as I could fathom,
so a semicolon should have been next. It's very puzzling...
but I'll try to get myself back together, by ignoring
everything up to the next `;'. Please insert a semicolon
now in front of anything that you don't want me to delete.
(See Chapter 27 of The METAFONTbook for an example.)

>> this_letter
! Isolated expression.
<to be read again> 
                   ;
l.55 mid_sigma; middoublechar(dims); this_letter;
                                                  endchar;
I couldn't find an `=' or `:=' after the
expression that is shown above this error message,
so I guess I'll just ignore it and carry on.

[113]
! Extra `endgroup'.
endchar->...makebox(screenrule);showit;fi.endgroup
                                                  
l.55 ... middoublechar(dims); this_letter; endchar
                                                  ;
I'm not currently working on a `begingroup',
so I had better not try to end anything.

)
! Emergency stop.
<*> \mode:=ljfour; mag:=1; nonstopmode; input q
                                               
*** (job aborted, no legal end found)

Output written on q.2602gf (2 characters, 392 bytes).
